<?xml version="1.0" encoding="UTF-8"?>
<!-- Generated by org.testng.reporters.JUnitXMLReporter -->
<testsuite hostname="4ALT22J0037" failures="0" tests="22" name="COMPANY " time="327.03" errors="0" timestamp="26 May 2023 12:00:21 GMT">
  <testcase classname="masters.GBCS_CompanyDivMaster" name="SearchByStatus" time="13.203"/>
  <testcase classname="masters.GBCS_CompanyDivMaster" name="SearchByCompanyDivisionCode" time="8.785"/>
  <testcase classname="masters.GBCS_CompanyDivMaster" name="SearchByCompanyDivisionName" time="9.766"/>
  <testcase classname="masters.GBCS_CompanyDivMaster" name="SearchByLocationType" time="10.839"/>
  <testcase classname="masters.GBCS_CompanyDivMaster" name="SearchByCountry" time="9.727"/>
  <testcase classname="masters.GBCS_CompanyDivMaster" name="SearchByHoAddress" time="9.774"/>
  <testcase classname="masters.GBCS_CompanyDivMaster" name="SearchByWebsiteAddress" time="9.856"/>
  <testcase classname="masters.GBCS_CompanyDivMaster" name="SearchBySector" time="9.801"/>
  <testcase classname="masters.GBCS_CompanyDivMaster" name="addCompanyDiv" time="10.872"/>
  <testcase classname="masters.GBCS_CompanyDivMaster" name="addCompanyDiv" time="10.712"/>
  <testcase classname="masters.GBCS_CompanyDivMaster" name="addCompanyDiv" time="10.595"/>
  <testcase classname="masters.GBCS_CompanyDivMaster" name="addCompanyDiv" time="10.621"/>
  <testcase classname="masters.GBCS_CompanyDivMaster" name="addCompanyDiv" time="10.734"/>
  <testcase classname="masters.GBCS_CompanyDivMaster" name="addCompanyDiv" time="11.884"/>
  <testcase classname="masters.GBCS_CompanyDivMaster" name="addCompanyDiv" time="11.872"/>
  <testcase classname="masters.GBCS_CompanyDivMaster" name="addCompanyDiv" time="11.805"/>
  <testcase classname="masters.GBCS_CompanyDivMaster" name="addCompanyDiv" time="23.911"/>
  <testcase classname="masters.GBCS_CompanyDivMaster" name="addCompanyDiv" time="19.646"/>
  <testcase classname="masters.GBCS_CompanyDivMaster" name="updatecompany" time="21.819"/>
  <testcase classname="masters.GBCS_CompanyDivMaster" name="deletecompany" time="17.284"/>
  <testcase classname="masters.GBCS_CompanyDivMaster" name="viewcompnay_excel" time="22.231"/>
  <testcase classname="masters.GBCS_CompanyDivMaster" name="SortBycols" time="33.729"/>
</testsuite> <!-- COMPANY  -->
