<?xml version="1.0" encoding="UTF-8"?>
<!-- Generated by org.testng.reporters.JUnitXMLReporter -->
<testsuite hostname="4ALT22J0037" failures="0" tests="15" name="SERVICE MASTER" time="255.339" errors="0" timestamp="26 May 2023 11:59:10 GMT">
  <testcase classname="masters.GBCS_ServiceMaster" name="Searchbystatus" time="10.742"/>
  <testcase classname="masters.GBCS_ServiceMaster" name="SearchbyServiceName" time="10.937"/>
  <testcase classname="masters.GBCS_ServiceMaster" name="SearchbyEquipmentCode" time="10.959"/>
  <testcase classname="masters.GBCS_ServiceMaster" name="SearchbyEquipmentName" time="10.906"/>
  <testcase classname="masters.GBCS_ServiceMaster" name="SearchbyApplicableChecklist" time="12.882"/>
  <testcase classname="masters.GBCS_ServiceMaster" name="addequipement" time="10.863"/>
  <testcase classname="masters.GBCS_ServiceMaster" name="addequipement" time="11.943"/>
  <testcase classname="masters.GBCS_ServiceMaster" name="addequipement" time="12.852"/>
  <testcase classname="masters.GBCS_ServiceMaster" name="addequipement" time="11.913"/>
  <testcase classname="masters.GBCS_ServiceMaster" name="addequipement" time="12.47"/>
  <testcase classname="masters.GBCS_ServiceMaster" name="updateequipment" time="18.608"/>
  <testcase classname="masters.GBCS_ServiceMaster" name="deleteequipment" time="14.744"/>
  <testcase classname="masters.GBCS_ServiceMaster" name="deleteequipment" time="14.436"/>
  <testcase classname="masters.GBCS_ServiceMaster" name="viewequipment_excel" time="22.483"/>
  <testcase classname="masters.GBCS_ServiceMaster" name="sorting" time="50.987"/>
</testsuite> <!-- SERVICE MASTER -->
