<?xml version="1.0" encoding="UTF-8"?>
<!-- Generated by org.testng.reporters.JUnitXMLReporter -->
<testsuite ignored="0" hostname="4ALT22J0037" failures="0" tests="6" name="COMPANY " time="69.409" errors="0" timestamp="19 Oct 2023 09:32:47 GMT">
  <testcase classname="masters.RoleMaster" name="SearchbyRolecode" time="6.576"/>
  <testcase classname="masters.RoleMaster" name="SearchbyRoleName" time="6.532"/>
  <testcase classname="masters.RoleMaster" name="addRole" time="8.397"/>
  <testcase classname="masters.RoleMaster" name="addRole" time="9.296"/>
  <testcase classname="masters.RoleMaster" name="addRole" time="9.717"/>
  <testcase classname="masters.RoleMaster" name="viewrecord" time="8.675"/>
</testsuite> <!-- COMPANY  -->
