<?xml version="1.0" encoding="UTF-8"?>
<testng-results ignored="0" total="6" passed="6" failed="0" skipped="0">
  <reporter-output>
    <line>
      <![CDATA[Entered username and password]]>
    </line>
    <line>
      <![CDATA[<img src='C:\java project\GBCS\Test case screenshots\Search by Rolecode.png' height='400' width='700' />]]>
    </line>
    <line>
      <![CDATA[Search_by_Rolecode]]>
    </line>
    <line>
      <![CDATA[<img src='C:\java project\GBCS\Test case screenshots\Search by RoleName.png' height='400' width='700' />]]>
    </line>
    <line>
      <![CDATA[Search_by_RoleName]]>
    </line>
    <line>
      <![CDATA[<h2> User story Role Master & Authorization on Chrome Browser </h2>]]>
    </line>
    <line>
      <![CDATA[<img src='C:\java project\GBCS\Test case screenshots\Default Selection.png' height='400' width='700' />]]>
    </line>
    <line>
      <![CDATA[<h2> User story:3 Role Master & Authorization blank role code and rolename</h2>]]>
    </line>
    <line>
      <![CDATA[<img src='C:\java project\GBCS\Test case screenshots\blank role code and rolenamepic1.png' height='400' width='700' />]]>
    </line>
    <line>
      <![CDATA[<h2> User story Role Master & Authorization on Chrome Browser </h2>]]>
    </line>
    <line>
      <![CDATA[<img src='C:\java project\GBCS\Test case screenshots\Default Selection.png' height='400' width='700' />]]>
    </line>
    <line>
      <![CDATA[<h2> User story:3 Role Master & Authorization duplicate role code and rolename uppercase</h2>]]>
    </line>
    <line>
      <![CDATA[<img src='C:\java project\GBCS\Test case screenshots\duplicate role code and rolename uppercasepic1.png' height='400' width='700' />]]>
    </line>
    <line>
      <![CDATA[<h2> User story Role Master & Authorization on Chrome Browser </h2>]]>
    </line>
    <line>
      <![CDATA[<img src='C:\java project\GBCS\Test case screenshots\Default Selection.png' height='400' width='700' />]]>
    </line>
    <line>
      <![CDATA[<h2> User story:3 Role Master & Authorization special char valid role code and rolename</h2>]]>
    </line>
    <line>
      <![CDATA[<img src='C:\java project\GBCS\Test case screenshots\special char valid role code and rolenamepic1.png' height='400' width='700' />]]>
    </line>
    <line>
      <![CDATA[<img src='C:\java project\GBCS\Test case screenshots\Existing record.png' height='400' width='700' />]]>
    </line>
    <line>
      <![CDATA[view record]]>
    </line>
    <line>
      <![CDATA[<img src='C:\java project\GBCS\Test case screenshots\view record.png' height='400' width='700' />]]>
    </line>
  </reporter-output>
  <suite started-at="2023-10-19T09:31:38Z" name="Suite" finished-at="2023-10-19T09:32:47Z" duration-ms="69409">
    <groups>
    </groups>
    <test started-at="2023-10-19T09:31:38Z" name="COMPANY " finished-at="2023-10-19T09:32:47Z" duration-ms="69409">
      <class name="masters.RoleMaster">
        <test-method is-config="true" signature="beforeClass()[pri:0, instance:masters.RoleMaster@327514f]" started-at="2023-10-19T15:01:38Z" name="beforeClass" finished-at="2023-10-19T15:01:58Z" duration-ms="20183" status="PASS">
          <reporter-output>
            <line>
              <![CDATA[Entered username and password]]>
            </line>
          </reporter-output>
        </test-method> <!-- beforeClass -->
        <test-method signature="SearchbyRolecode()[pri:1, instance:masters.RoleMaster@327514f]" started-at="2023-10-19T15:01:58Z" name="SearchbyRolecode" finished-at="2023-10-19T15:02:05Z" duration-ms="6576" status="PASS">
          <reporter-output>
            <line>
              <![CDATA[<img src='C:\java project\GBCS\Test case screenshots\Search by Rolecode.png' height='400' width='700' />]]>
            </line>
            <line>
              <![CDATA[Search_by_Rolecode]]>
            </line>
          </reporter-output>
        </test-method> <!-- SearchbyRolecode -->
        <test-method signature="SearchbyRoleName()[pri:2, instance:masters.RoleMaster@327514f]" started-at="2023-10-19T15:02:05Z" name="SearchbyRoleName" finished-at="2023-10-19T15:02:11Z" duration-ms="6532" status="PASS">
          <reporter-output>
            <line>
              <![CDATA[<img src='C:\java project\GBCS\Test case screenshots\Search by RoleName.png' height='400' width='700' />]]>
            </line>
            <line>
              <![CDATA[Search_by_RoleName]]>
            </line>
          </reporter-output>
        </test-method> <!-- SearchbyRoleName -->
        <test-method signature="addRole(java.lang.String, java.lang.String, java.lang.String)[pri:3, instance:masters.RoleMaster@327514f]" started-at="2023-10-19T15:02:11Z" name="addRole" data-provider="dp" finished-at="2023-10-19T15:02:20Z" duration-ms="8397" status="PASS">
          <params>
            <param index="0">
              <value>
                <![CDATA[blank role code and rolename]]>
              </value>
            </param>
            <param index="1">
              <value>
                <![CDATA[]]>
              </value>
            </param>
            <param index="2">
              <value>
                <![CDATA[]]>
              </value>
            </param>
          </params>
          <reporter-output>
            <line>
              <![CDATA[<h2> User story Role Master & Authorization on Chrome Browser </h2>]]>
            </line>
            <line>
              <![CDATA[<img src='C:\java project\GBCS\Test case screenshots\Default Selection.png' height='400' width='700' />]]>
            </line>
            <line>
              <![CDATA[<h2> User story:3 Role Master & Authorization blank role code and rolename</h2>]]>
            </line>
            <line>
              <![CDATA[<img src='C:\java project\GBCS\Test case screenshots\blank role code and rolenamepic1.png' height='400' width='700' />]]>
            </line>
          </reporter-output>
        </test-method> <!-- addRole -->
        <test-method signature="addRole(java.lang.String, java.lang.String, java.lang.String)[pri:3, instance:masters.RoleMaster@327514f]" started-at="2023-10-19T15:02:20Z" name="addRole" data-provider="dp" finished-at="2023-10-19T15:02:29Z" duration-ms="9296" status="PASS">
          <params>
            <param index="0">
              <value>
                <![CDATA[duplicate role code and rolename uppercase]]>
              </value>
            </param>
            <param index="1">
              <value>
                <![CDATA[ABC DEF]]>
              </value>
            </param>
            <param index="2">
              <value>
                <![CDATA[ABC DEF]]>
              </value>
            </param>
          </params>
          <reporter-output>
            <line>
              <![CDATA[<h2> User story Role Master & Authorization on Chrome Browser </h2>]]>
            </line>
            <line>
              <![CDATA[<img src='C:\java project\GBCS\Test case screenshots\Default Selection.png' height='400' width='700' />]]>
            </line>
            <line>
              <![CDATA[<h2> User story:3 Role Master & Authorization duplicate role code and rolename uppercase</h2>]]>
            </line>
            <line>
              <![CDATA[<img src='C:\java project\GBCS\Test case screenshots\duplicate role code and rolename uppercasepic1.png' height='400' width='700' />]]>
            </line>
          </reporter-output>
        </test-method> <!-- addRole -->
        <test-method signature="addRole(java.lang.String, java.lang.String, java.lang.String)[pri:3, instance:masters.RoleMaster@327514f]" started-at="2023-10-19T15:02:29Z" name="addRole" data-provider="dp" finished-at="2023-10-19T15:02:39Z" duration-ms="9717" status="PASS">
          <params>
            <param index="0">
              <value>
                <![CDATA[special char valid role code and rolename]]>
              </value>
            </param>
            <param index="1">
              <value>
                <![CDATA[Godrej Engineer-123@#//(){]{]]]>
              </value>
            </param>
            <param index="2">
              <value>
                <![CDATA[Godrej Engineer-123@#//(){]{]]]>
              </value>
            </param>
          </params>
          <reporter-output>
            <line>
              <![CDATA[<h2> User story Role Master & Authorization on Chrome Browser </h2>]]>
            </line>
            <line>
              <![CDATA[<img src='C:\java project\GBCS\Test case screenshots\Default Selection.png' height='400' width='700' />]]>
            </line>
            <line>
              <![CDATA[<h2> User story:3 Role Master & Authorization special char valid role code and rolename</h2>]]>
            </line>
            <line>
              <![CDATA[<img src='C:\java project\GBCS\Test case screenshots\special char valid role code and rolenamepic1.png' height='400' width='700' />]]>
            </line>
          </reporter-output>
        </test-method> <!-- addRole -->
        <test-method signature="viewrecord()[pri:4, instance:masters.RoleMaster@327514f]" started-at="2023-10-19T15:02:39Z" name="viewrecord" finished-at="2023-10-19T15:02:47Z" duration-ms="8675" status="PASS">
          <reporter-output>
            <line>
              <![CDATA[<img src='C:\java project\GBCS\Test case screenshots\Existing record.png' height='400' width='700' />]]>
            </line>
            <line>
              <![CDATA[view record]]>
            </line>
            <line>
              <![CDATA[<img src='C:\java project\GBCS\Test case screenshots\view record.png' height='400' width='700' />]]>
            </line>
          </reporter-output>
        </test-method> <!-- viewrecord -->
      </class> <!-- masters.RoleMaster -->
    </test> <!-- COMPANY  -->
  </suite> <!-- Suite -->
</testng-results>
