<?xml version="1.0" encoding="UTF-8"?>
<testng-results total="7" passed="6" failed="1" skipped="0">
  <reporter-output>
    <line>
      <![CDATA[Entered username and password]]>
    </line>
    <line>
      <![CDATA[<img src='.\Test case screenshots\Search by Rolecode.png' height='400' width='700' />]]>
    </line>
    <line>
      <![CDATA[Search_by_Rolecode]]>
    </line>
    <line>
      <![CDATA[<img src='.\Test case screenshots\Search by RoleName.png' height='400' width='700' />]]>
    </line>
    <line>
      <![CDATA[Search_by_RoleName]]>
    </line>
    <line>
      <![CDATA[<h2> User story Role Master & Authorization on Chrome Browser </h2>]]>
    </line>
    <line>
      <![CDATA[<img src='.\Test case screenshots\Default Selection.png' height='400' width='700' />]]>
    </line>
    <line>
      <![CDATA[<h2> User story:3 Role Master & Authorization blank role code and rolename</h2>]]>
    </line>
    <line>
      <![CDATA[<img src='.\Test case screenshots\blank role code and rolenamepic1.png' height='400' width='700' />]]>
    </line>
    <line>
      <![CDATA[<h2> User story Role Master & Authorization on Chrome Browser </h2>]]>
    </line>
    <line>
      <![CDATA[<img src='.\Test case screenshots\Default Selection.png' height='400' width='700' />]]>
    </line>
    <line>
      <![CDATA[<h2> User story:3 Role Master & Authorization duplicate role code and rolename uppercase</h2>]]>
    </line>
    <line>
      <![CDATA[<img src='.\Test case screenshots\duplicate role code and rolename uppercasepic1.png' height='400' width='700' />]]>
    </line>
    <line>
      <![CDATA[<h2> User story Role Master & Authorization on Chrome Browser </h2>]]>
    </line>
    <line>
      <![CDATA[<img src='.\Test case screenshots\Default Selection.png' height='400' width='700' />]]>
    </line>
    <line>
      <![CDATA[<h2> User story:3 Role Master & Authorization special char valid role code and rolename</h2>]]>
    </line>
    <line>
      <![CDATA[<img src='.\Test case screenshots\special char valid role code and rolenamepic1.png' height='400' width='700' />]]>
    </line>
    <line>
      <![CDATA[<img src='.\Test case screenshots\special char valid role code and rolenamepic2.png' height='400' width='700' />]]>
    </line>
    <line>
      <![CDATA[<img src='.\Test case screenshots\Existing record.png' height='400' width='700' />]]>
    </line>
    <line>
      <![CDATA[view record]]>
    </line>
    <line>
      <![CDATA[<img src='.\Test case screenshots\view record.png' height='400' width='700' />]]>
    </line>
  </reporter-output>
  <suite started-at="2023-10-19T09:19:26Z" name="Default suite" finished-at="2023-10-19T09:20:43Z" duration-ms="77637">
    <groups>
    </groups>
    <test started-at="2023-10-19T09:19:26Z" name="Default test" finished-at="2023-10-19T09:20:43Z" duration-ms="77637">
      <class name="masters.RoleMaster">
        <test-method is-config="true" signature="beforeClass()[pri:0, instance:masters.RoleMaster@53aad5d5]" started-at="2023-10-19T14:49:26Z" name="beforeClass" finished-at="2023-10-19T14:49:50Z" duration-ms="24823" status="PASS">
          <reporter-output>
            <line>
              <![CDATA[Entered username and password]]>
            </line>
          </reporter-output>
        </test-method> <!-- beforeClass -->
        <test-method signature="Searchbystatus()[pri:0, instance:masters.RoleMaster@53aad5d5]" started-at="2023-10-19T14:49:50Z" name="Searchbystatus" finished-at="2023-10-19T14:49:52Z" duration-ms="1050" status="FAIL">
          <exception class="org.openqa.selenium.NoSuchElementException">
            <message>
              <![CDATA[no such element: Unable to locate element: {"method":"xpath","selector":"(//span[@ref='eMenu'])[1]"}
  (Session info: chrome=118.0.5993.71)
For documentation on this error, please visit: https://www.selenium.dev/documentation/webdriver/troubleshooting/errors#no-such-element-exception
Build info: version: '4.10.0', revision: 'c14d967899'
System info: os.name: 'Windows 11', os.arch: 'amd64', os.version: '10.0', java.version: '11.0.19'
Driver info: org.openqa.selenium.chrome.ChromeDriver
Command: [83b88241e74cef068064d6cbf3462ec2, findElement {using=xpath, value=(//span[@ref='eMenu'])[1]}]
Capabilities {acceptInsecureCerts: false, browserName: chrome, browserVersion: 118.0.5993.71, chrome: {chromedriverVersion: 118.0.5993.70 (e52f33f30b91..., userDataDir: C:\Users\vparab\AppData\Loc...}, fedcm:accounts: true, goog:chromeOptions: {debuggerAddress: localhost:64350}, networkConnectionEnabled: false, pageLoadStrategy: normal, platformName: windows, proxy: Proxy(), se:cdp: ws://localhost:64350/devtoo..., se:cdpVersion: 118.0.5993.71, setWindowRect: true, strictFileInteractability: false, timeouts: {implicit: 0, pageLoad: 300000, script: 30000}, unhandledPromptBehavior: dismiss and notify, webauthn:extension:credBlob: true, webauthn:extension:largeBlob: true, webauthn:extension:minPinLength: true, webauthn:extension:prf: true, webauthn:virtualAuthenticators: true}
Session ID: 83b88241e74cef068064d6cbf3462ec2]]>
            </message>
            <full-stacktrace>
              <![CDATA[org.openqa.selenium.NoSuchElementException: no such element: Unable to locate element: {"method":"xpath","selector":"(//span[@ref='eMenu'])[1]"}
  (Session info: chrome=118.0.5993.71)
For documentation on this error, please visit: https://www.selenium.dev/documentation/webdriver/troubleshooting/errors#no-such-element-exception
Build info: version: '4.10.0', revision: 'c14d967899'
System info: os.name: 'Windows 11', os.arch: 'amd64', os.version: '10.0', java.version: '11.0.19'
Driver info: org.openqa.selenium.chrome.ChromeDriver
Command: [83b88241e74cef068064d6cbf3462ec2, findElement {using=xpath, value=(//span[@ref='eMenu'])[1]}]
Capabilities {acceptInsecureCerts: false, browserName: chrome, browserVersion: 118.0.5993.71, chrome: {chromedriverVersion: 118.0.5993.70 (e52f33f30b91..., userDataDir: C:\Users\vparab\AppData\Loc...}, fedcm:accounts: true, goog:chromeOptions: {debuggerAddress: localhost:64350}, networkConnectionEnabled: false, pageLoadStrategy: normal, platformName: windows, proxy: Proxy(), se:cdp: ws://localhost:64350/devtoo..., se:cdpVersion: 118.0.5993.71, setWindowRect: true, strictFileInteractability: false, timeouts: {implicit: 0, pageLoad: 300000, script: 30000}, unhandledPromptBehavior: dismiss and notify, webauthn:extension:credBlob: true, webauthn:extension:largeBlob: true, webauthn:extension:minPinLength: true, webauthn:extension:prf: true, webauthn:virtualAuthenticators: true}
Session ID: 83b88241e74cef068064d6cbf3462ec2
	at java.base/jdk.internal.reflect.NativeConstructorAccessorImpl.newInstance0(Native Method)
	at java.base/jdk.internal.reflect.NativeConstructorAccessorImpl.newInstance(NativeConstructorAccessorImpl.java:62)
	at java.base/jdk.internal.reflect.DelegatingConstructorAccessorImpl.newInstance(DelegatingConstructorAccessorImpl.java:45)
	at java.base/java.lang.reflect.Constructor.newInstance(Constructor.java:490)
	at org.openqa.selenium.remote.codec.w3c.W3CHttpResponseCodec.createException(W3CHttpResponseCodec.java:199)
	at org.openqa.selenium.remote.codec.w3c.W3CHttpResponseCodec.decode(W3CHttpResponseCodec.java:132)
	at org.openqa.selenium.remote.codec.w3c.W3CHttpResponseCodec.decode(W3CHttpResponseCodec.java:51)
	at org.openqa.selenium.remote.HttpCommandExecutor.execute(HttpCommandExecutor.java:191)
	at org.openqa.selenium.remote.service.DriverCommandExecutor.invokeExecute(DriverCommandExecutor.java:196)
	at org.openqa.selenium.remote.service.DriverCommandExecutor.execute(DriverCommandExecutor.java:171)
	at org.openqa.selenium.remote.RemoteWebDriver.execute(RemoteWebDriver.java:531)
	at org.openqa.selenium.remote.ElementLocation$ElementFinder$2.findElement(ElementLocation.java:165)
	at org.openqa.selenium.remote.ElementLocation.findElement(ElementLocation.java:59)
	at org.openqa.selenium.remote.RemoteWebDriver.findElement(RemoteWebDriver.java:350)
	at org.openqa.selenium.remote.RemoteWebDriver.findElement(RemoteWebDriver.java:344)
	at masters.RoleMaster.Searchbystatus(RoleMaster.java:65)
	at java.base/jdk.internal.reflect.NativeMethodAccessorImpl.invoke0(Native Method)
	at java.base/jdk.internal.reflect.NativeMethodAccessorImpl.invoke(NativeMethodAccessorImpl.java:62)
	at java.base/jdk.internal.reflect.DelegatingMethodAccessorImpl.invoke(DelegatingMethodAccessorImpl.java:43)
	at java.base/java.lang.reflect.Method.invoke(Method.java:566)
	at org.testng.internal.MethodInvocationHelper.invokeMethod(MethodInvocationHelper.java:86)
	at org.testng.internal.Invoker.invokeMethod(Invoker.java:646)
	at org.testng.internal.Invoker.invokeTestMethod(Invoker.java:823)
	at org.testng.internal.Invoker.invokeTestMethods(Invoker.java:1131)
	at org.testng.internal.TestMethodWorker.invokeTestMethods(TestMethodWorker.java:129)
	at org.testng.internal.TestMethodWorker.run(TestMethodWorker.java:112)
	at org.testng.TestRunner.privateRun(TestRunner.java:778)
	at org.testng.TestRunner.run(TestRunner.java:632)
	at org.testng.SuiteRunner.runTest(SuiteRunner.java:366)
	at org.testng.SuiteRunner.runSequentially(SuiteRunner.java:361)
	at org.testng.SuiteRunner.privateRun(SuiteRunner.java:319)
	at org.testng.SuiteRunner.run(SuiteRunner.java:268)
	at org.testng.SuiteRunnerWorker.runSuite(SuiteRunnerWorker.java:52)
	at org.testng.SuiteRunnerWorker.run(SuiteRunnerWorker.java:86)
	at org.testng.TestNG.runSuitesSequentially(TestNG.java:1225)
	at org.testng.TestNG.runSuitesLocally(TestNG.java:1150)
	at org.testng.TestNG.runSuites(TestNG.java:1075)
	at org.testng.TestNG.run(TestNG.java:1047)
	at org.testng.remote.AbstractRemoteTestNG.run(AbstractRemoteTestNG.java:126)
	at org.testng.remote.RemoteTestNG.initAndRun(RemoteTestNG.java:137)
	at org.testng.remote.RemoteTestNG.main(RemoteTestNG.java:58)
]]>
            </full-stacktrace>
          </exception> <!-- org.openqa.selenium.NoSuchElementException -->
          <reporter-output>
          </reporter-output>
        </test-method> <!-- Searchbystatus -->
        <test-method signature="SearchbyRolecode()[pri:1, instance:masters.RoleMaster@53aad5d5]" started-at="2023-10-19T14:49:52Z" name="SearchbyRolecode" finished-at="2023-10-19T14:49:58Z" duration-ms="6600" status="PASS">
          <reporter-output>
            <line>
              <![CDATA[<img src='.\Test case screenshots\Search by Rolecode.png' height='400' width='700' />]]>
            </line>
            <line>
              <![CDATA[Search_by_Rolecode]]>
            </line>
          </reporter-output>
        </test-method> <!-- SearchbyRolecode -->
        <test-method signature="SearchbyRoleName()[pri:2, instance:masters.RoleMaster@53aad5d5]" started-at="2023-10-19T14:49:58Z" name="SearchbyRoleName" finished-at="2023-10-19T14:50:05Z" duration-ms="6560" status="PASS">
          <reporter-output>
            <line>
              <![CDATA[<img src='.\Test case screenshots\Search by RoleName.png' height='400' width='700' />]]>
            </line>
            <line>
              <![CDATA[Search_by_RoleName]]>
            </line>
          </reporter-output>
        </test-method> <!-- SearchbyRoleName -->
        <test-method signature="addRole(java.lang.String, java.lang.String, java.lang.String)[pri:3, instance:masters.RoleMaster@53aad5d5]" started-at="2023-10-19T14:50:05Z" name="addRole" data-provider="dp" finished-at="2023-10-19T14:50:13Z" duration-ms="8487" status="PASS">
          <params>
            <param index="0">
              <value>
                <![CDATA[blank role code and rolename]]>
              </value>
            </param>
            <param index="1">
              <value>
                <![CDATA[]]>
              </value>
            </param>
            <param index="2">
              <value>
                <![CDATA[]]>
              </value>
            </param>
          </params>
          <reporter-output>
            <line>
              <![CDATA[<h2> User story Role Master & Authorization on Chrome Browser </h2>]]>
            </line>
            <line>
              <![CDATA[<img src='.\Test case screenshots\Default Selection.png' height='400' width='700' />]]>
            </line>
            <line>
              <![CDATA[<h2> User story:3 Role Master & Authorization blank role code and rolename</h2>]]>
            </line>
            <line>
              <![CDATA[<img src='.\Test case screenshots\blank role code and rolenamepic1.png' height='400' width='700' />]]>
            </line>
          </reporter-output>
        </test-method> <!-- addRole -->
        <test-method signature="addRole(java.lang.String, java.lang.String, java.lang.String)[pri:3, instance:masters.RoleMaster@53aad5d5]" started-at="2023-10-19T14:50:13Z" name="addRole" data-provider="dp" finished-at="2023-10-19T14:50:23Z" duration-ms="9349" status="PASS">
          <params>
            <param index="0">
              <value>
                <![CDATA[duplicate role code and rolename uppercase]]>
              </value>
            </param>
            <param index="1">
              <value>
                <![CDATA[ABC DEF]]>
              </value>
            </param>
            <param index="2">
              <value>
                <![CDATA[ABC DEF]]>
              </value>
            </param>
          </params>
          <reporter-output>
            <line>
              <![CDATA[<h2> User story Role Master & Authorization on Chrome Browser </h2>]]>
            </line>
            <line>
              <![CDATA[<img src='.\Test case screenshots\Default Selection.png' height='400' width='700' />]]>
            </line>
            <line>
              <![CDATA[<h2> User story:3 Role Master & Authorization duplicate role code and rolename uppercase</h2>]]>
            </line>
            <line>
              <![CDATA[<img src='.\Test case screenshots\duplicate role code and rolename uppercasepic1.png' height='400' width='700' />]]>
            </line>
          </reporter-output>
        </test-method> <!-- addRole -->
        <test-method signature="addRole(java.lang.String, java.lang.String, java.lang.String)[pri:3, instance:masters.RoleMaster@53aad5d5]" started-at="2023-10-19T14:50:23Z" name="addRole" data-provider="dp" finished-at="2023-10-19T14:50:34Z" duration-ms="11909" status="PASS">
          <params>
            <param index="0">
              <value>
                <![CDATA[special char valid role code and rolename]]>
              </value>
            </param>
            <param index="1">
              <value>
                <![CDATA[Godrej Engineer-123@#//(){]{]]]>
              </value>
            </param>
            <param index="2">
              <value>
                <![CDATA[Godrej Engineer-123@#//(){]{]]]>
              </value>
            </param>
          </params>
          <reporter-output>
            <line>
              <![CDATA[<h2> User story Role Master & Authorization on Chrome Browser </h2>]]>
            </line>
            <line>
              <![CDATA[<img src='.\Test case screenshots\Default Selection.png' height='400' width='700' />]]>
            </line>
            <line>
              <![CDATA[<h2> User story:3 Role Master & Authorization special char valid role code and rolename</h2>]]>
            </line>
            <line>
              <![CDATA[<img src='.\Test case screenshots\special char valid role code and rolenamepic1.png' height='400' width='700' />]]>
            </line>
            <line>
              <![CDATA[<img src='.\Test case screenshots\special char valid role code and rolenamepic2.png' height='400' width='700' />]]>
            </line>
          </reporter-output>
        </test-method> <!-- addRole -->
        <test-method signature="viewrecord()[pri:4, instance:masters.RoleMaster@53aad5d5]" started-at="2023-10-19T14:50:34Z" name="viewrecord" finished-at="2023-10-19T14:50:43Z" duration-ms="8823" status="PASS">
          <reporter-output>
            <line>
              <![CDATA[<img src='.\Test case screenshots\Existing record.png' height='400' width='700' />]]>
            </line>
            <line>
              <![CDATA[view record]]>
            </line>
            <line>
              <![CDATA[<img src='.\Test case screenshots\view record.png' height='400' width='700' />]]>
            </line>
          </reporter-output>
        </test-method> <!-- viewrecord -->
      </class> <!-- masters.RoleMaster -->
    </test> <!-- Default test -->
  </suite> <!-- Default suite -->
</testng-results>
